<?xml version="1.0" encoding="UTF-8"?>
<!-- Generated by org.testng.reporters.JUnitReportReporter -->
<testsuite hostname="LAPTOP-7M47H157" failures="0" tests="2" name="restapi.Request2" time="2.886" errors="0" timestamp="2024-10-09T21:36:56 CDT" skipped="0">
  <testcase classname="restapi.Request2" name="validateJsonResponse" time="2.728"/>
  <testcase classname="restapi.Request2" name="validateJsonUsers" time="0.158"/>
</testsuite> <!-- restapi.Request2 -->
