<?xml version="1.0" encoding="UTF-8"?>
<!-- Generated by org.testng.reporters.JUnitReportReporter -->
<testsuite hostname="LAPTOP-7M47H157" failures="0" tests="2" name="restapi.Headers" time="2.851" errors="0" timestamp="2024-07-11T15:52:25 CDT" skipped="0">
  <testcase classname="restapi.Headers" name="testHeaders" time="2.522"/>
  <testcase classname="restapi.Headers" name="getHeaders" time="0.329"/>
</testsuite> <!-- restapi.Headers -->
