<?xml version="1.0" encoding="UTF-8"?>
<!-- Generated by org.testng.reporters.JUnitReportReporter -->
<testsuite hostname="LAPTOP-7M47H157" failures="0" tests="5" name="restapi.Request" time="4.296" errors="0" timestamp="2024-10-10T12:59:41 CDT" skipped="0">
  <testcase classname="restapi.Request" name="createUser" time="2.991"/>
  <testcase classname="restapi.Request" name="deleteUser" time="0.444"/>
  <testcase classname="restapi.Request" name="updateUser" time="0.389"/>
  <testcase classname="restapi.Request" name="getHeaders" time="0.125"/>
  <testcase classname="restapi.Request" name="get" time="0.347"/>
</testsuite> <!-- restapi.Request -->
