<?xml version="1.0" encoding="UTF-8"?>
<!-- Generated by org.testng.reporters.JUnitReportReporter -->
<testsuite hostname="LAPTOP-7M47H157" failures="0" tests="2" name="restapi.Getuser" time="3.875" errors="0" timestamp="2024-10-11T23:16:29 CDT" skipped="0">
  <testcase classname="restapi.Getuser" name="createUser" time="3.564"/>
  <testcase classname="restapi.Getuser" name="getUser" time="0.311"/>
</testsuite> <!-- restapi.Getuser -->
