<?xml version="1.0" encoding="UTF-8"?>
<!-- Generated by org.testng.reporters.JUnitReportReporter -->
<testsuite hostname="LAPTOP-7M47H157" failures="0" tests="1" name="restapi.Cookies1" time="2.324" errors="0" timestamp="2024-10-09T14:46:56 CDT" skipped="0">
  <testcase classname="restapi.Cookies1" name="getCookies" time="2.324"/>
</testsuite> <!-- restapi.Cookies1 -->
