<?xml version="1.0" encoding="UTF-8"?>
<!-- Generated by org.testng.reporters.JUnitReportReporter -->
<testsuite hostname="LAPTOP-7M47H157" failures="0" tests="1" name="restapi.Cookies" time="2.171" errors="0" timestamp="2024-07-11T09:04:41 CDT" skipped="0">
  <testcase classname="restapi.Cookies" name="testCookies" time="2.171"/>
</testsuite> <!-- restapi.Cookies -->
