<?xml version="1.0" encoding="UTF-8"?>
<!-- Generated by org.testng.reporters.JUnitReportReporter -->
<testsuite hostname="LAPTOP-7M47H157" failures="0" tests="3" name="restapi.HTTPRequests" time="6.713" errors="0" timestamp="2024-10-10T14:20:48 CDT" skipped="0">
  <testcase classname="restapi.HTTPRequests" name="createUser" time="2.733"/>
  <testcase classname="restapi.HTTPRequests" name="updateUser" time="0.364"/>
  <testcase classname="restapi.HTTPRequests" name="getUser" time="3.616"/>
</testsuite> <!-- restapi.HTTPRequests -->
