<?xml version="1.0" encoding="UTF-8"?>
<!-- Generated by org.testng.reporters.JUnitReportReporter -->
<testsuite hostname="LAPTOP-7M47H157" failures="0" tests="2" name="restapi.OperationsaboutUser" time="4.370" errors="0" timestamp="2024-10-10T00:09:03 CDT" skipped="0">
  <testcase classname="restapi.OperationsaboutUser" name="updateuser" time="0.301"/>
  <testcase classname="restapi.OperationsaboutUser" name="testUserCreation" time="4.069"/>
</testsuite> <!-- restapi.OperationsaboutUser -->
