<?xml version="1.0" encoding="UTF-8"?>
<!-- Generated by org.testng.reporters.JUnitReportReporter -->
<testsuite hostname="LAPTOP-7M47H157" failures="0" tests="1" name="restapi.QueryandPath" time="2.931" errors="0" timestamp="2024-07-11T05:17:06 CDT" skipped="0">
  <testcase classname="restapi.QueryandPath" name="testQueryandPath" time="2.931"/>
</testsuite> <!-- restapi.QueryandPath -->
